<?xml version="1.0" encoding="UTF-8"?>
<!-- Generated by org.testng.reporters.JUnitXMLReporter -->
<testsuite ignored="0" hostname="LAPTOP-BIP7EH0F" failures="0" tests="1" name="Command line test" time="0.07" errors="0" timestamp="24 Sep 2022 20:35:35 GMT">
  <testcase classname="TestCases.NavigationTest" name="@BeforeMethod beforeMethod" time="0.05">
    <failure type="java.lang.IllegalStateException" message="The driver executable does not exist: C:\Users\all\Documents\AsianCloud\AsianCloud\user.dir\chromedriver.exe">
      <![CDATA[java.lang.IllegalStateException: The driver executable does not exist: C:\Users\all\Documents\AsianCloud\AsianCloud\user.dir\chromedriver.exeat com.google.common.base.Preconditions.checkState(Preconditions.java:585)at org.openqa.selenium.remote.service.DriverService.checkExecutable(DriverService.java:137)at org.openqa.selenium.remote.service.DriverService.findExecutable(DriverService.java:132)at org.openqa.selenium.chrome.ChromeDriverService.access$000(ChromeDriverService.java:35)at org.openqa.selenium.chrome.ChromeDriverService$Builder.findDefaultExecutable(ChromeDriverService.java:156)at org.openqa.selenium.remote.service.DriverService$Builder.build(DriverService.java:346)at org.openqa.selenium.chrome.ChromeDriverService.createDefaultService(ChromeDriverService.java:91)at org.openqa.selenium.chrome.ChromeDriver.<init>(ChromeDriver.java:123)at TestCases.NavigationTest.beforeMethod(NavigationTest.java:22)... Removed 33 stack frames]]>
    </failure>
  </testcase> <!-- @BeforeMethod beforeMethod -->
  <testcase classname="TestCases.NavigationTest" name="@AfterMethod afterMethod" time="0.0">
    <skipped/>
  </testcase> <!-- @AfterMethod afterMethod -->
  <testcase classname="TestCases.NavigationTest" name="navigateToAUrl" time="0.0">
    <skipped/>
  </testcase> <!-- navigateToAUrl -->
</testsuite> <!-- Command line test -->
