<?xml version="1.0" encoding="UTF-8"?>
<testng-results ignored="0" total="10" passed="9" failed="1" skipped="0">
  <reporter-output>
  </reporter-output>
  <suite started-at="2022-09-25T03:56:01 PKT" name="Suite" finished-at="2022-09-25T03:56:23 PKT" duration-ms="21545">
    <groups>
    </groups>
    <test started-at="2022-09-25T03:56:01 PKT" name="Test" finished-at="2022-09-25T03:56:23 PKT" duration-ms="21545">
      <class name="TestCases.LoginCases">
        <test-method signature="loginCases_01_Email_field_check()[pri:0, instance:TestCases.LoginCases@55b7a4e0]" started-at="2022-09-25T03:56:19 PKT" name="loginCases_01_Email_field_check" finished-at="2022-09-25T03:56:19 PKT" duration-ms="39" status="PASS">
          <reporter-output>
          </reporter-output>
        </test-method> <!-- loginCases_01_Email_field_check -->
        <test-method signature="loginCases_02_Password_field_check()[pri:0, instance:TestCases.LoginCases@55b7a4e0]" started-at="2022-09-25T03:56:19 PKT" name="loginCases_02_Password_field_check" finished-at="2022-09-25T03:56:19 PKT" duration-ms="23" status="PASS">
          <reporter-output>
          </reporter-output>
        </test-method> <!-- loginCases_02_Password_field_check -->
        <test-method signature="loginCases_03_SignIn_Button_check()[pri:0, instance:TestCases.LoginCases@55b7a4e0]" started-at="2022-09-25T03:56:19 PKT" name="loginCases_03_SignIn_Button_check" finished-at="2022-09-25T03:56:19 PKT" duration-ms="23" status="PASS">
          <reporter-output>
          </reporter-output>
        </test-method> <!-- loginCases_03_SignIn_Button_check -->
        <test-method signature="loginCases_04_LoginWith_BothFieldsInvalidCreds_check()[pri:0, instance:TestCases.LoginCases@55b7a4e0]" started-at="2022-09-25T03:56:19 PKT" name="loginCases_04_LoginWith_BothFieldsInvalidCreds_check" finished-at="2022-09-25T03:56:19 PKT" duration-ms="468" status="PASS">
          <reporter-output>
          </reporter-output>
        </test-method> <!-- loginCases_04_LoginWith_BothFieldsInvalidCreds_check -->
        <test-method signature="loginCases_05_LoginWith_EmailInvalidCreds_check()[pri:0, instance:TestCases.LoginCases@55b7a4e0]" started-at="2022-09-25T03:56:19 PKT" name="loginCases_05_LoginWith_EmailInvalidCreds_check" finished-at="2022-09-25T03:56:20 PKT" duration-ms="440" status="PASS">
          <reporter-output>
          </reporter-output>
        </test-method> <!-- loginCases_05_LoginWith_EmailInvalidCreds_check -->
        <test-method signature="loginCases_06_LoginWith_PasswordInvalidCreds_check()[pri:0, instance:TestCases.LoginCases@55b7a4e0]" started-at="2022-09-25T03:56:20 PKT" name="loginCases_06_LoginWith_PasswordInvalidCreds_check" finished-at="2022-09-25T03:56:20 PKT" duration-ms="464" status="PASS">
          <reporter-output>
          </reporter-output>
        </test-method> <!-- loginCases_06_LoginWith_PasswordInvalidCreds_check -->
        <test-method signature="loginCases_07_LoginWith_BothEmptyCreds_check()[pri:0, instance:TestCases.LoginCases@55b7a4e0]" started-at="2022-09-25T03:56:20 PKT" name="loginCases_07_LoginWith_BothEmptyCreds_check" finished-at="2022-09-25T03:56:20 PKT" duration-ms="371" status="PASS">
          <reporter-output>
          </reporter-output>
        </test-method> <!-- loginCases_07_LoginWith_BothEmptyCreds_check -->
        <test-method signature="loginCases_08_LoginWith_BothValidCreds_check()[pri:0, instance:TestCases.LoginCases@55b7a4e0]" started-at="2022-09-25T03:56:20 PKT" name="loginCases_08_LoginWith_BothValidCreds_check" finished-at="2022-09-25T03:56:23 PKT" duration-ms="2489" status="PASS">
          <reporter-output>
          </reporter-output>
        </test-method> <!-- loginCases_08_LoginWith_BothValidCreds_check -->
      </class> <!-- TestCases.LoginCases -->
      <class name="TestCases.NavigationTest">
        <test-method is-config="true" signature="BeforeSuit()[pri:0, instance:TestCases.NavigationTest@5119fb47]" started-at="2022-09-25T03:56:00 PKT" name="BeforeSuit" finished-at="2022-09-25T03:56:01 PKT" duration-ms="909" status="PASS">
          <reporter-output>
          </reporter-output>
        </test-method> <!-- BeforeSuit -->
        <test-method signature="NavigationPage_01_navigateToUrl()[pri:0, instance:TestCases.NavigationTest@5119fb47]" started-at="2022-09-25T03:56:01 PKT" name="NavigationPage_01_navigateToUrl" finished-at="2022-09-25T03:56:17 PKT" duration-ms="15520" status="FAIL">
          <exception class="java.lang.AssertionError">
            <message>
              <![CDATA[expected [Sign in to Asians - User System] but found [CDN console - high-speed, high-defense, high-speed CDN]]]>
            </message>
            <full-stacktrace>
              <![CDATA[java.lang.AssertionError: expected [Sign in to Asians - User System] but found [CDN console - high-speed, high-defense, high-speed CDN]
at org.testng.Assert.fail(Assert.java:99)
at org.testng.Assert.failNotEquals(Assert.java:1037)
at org.testng.Assert.assertEqualsImpl(Assert.java:140)
at org.testng.Assert.assertEquals(Assert.java:122)
at org.testng.Assert.assertEquals(Assert.java:629)
at org.testng.Assert.assertEquals(Assert.java:639)
at TestCases.NavigationTest.NavigationPage_01_navigateToUrl(NavigationTest.java:34)
at java.base/jdk.internal.reflect.DirectMethodHandleAccessor.invoke(DirectMethodHandleAccessor.java:104)
at java.base/java.lang.reflect.Method.invoke(Method.java:577)
at org.testng.internal.MethodInvocationHelper.invokeMethod(MethodInvocationHelper.java:133)
at org.testng.internal.TestInvoker.invokeMethod(TestInvoker.java:598)
at org.testng.internal.TestInvoker.invokeTestMethod(TestInvoker.java:173)
at org.testng.internal.MethodRunner.runInSequence(MethodRunner.java:46)
at org.testng.internal.TestInvoker$MethodInvocationAgent.invoke(TestInvoker.java:824)
at org.testng.internal.TestInvoker.invokeTestMethods(TestInvoker.java:146)
at org.testng.internal.TestMethodWorker.invokeTestMethods(TestMethodWorker.java:146)
at org.testng.internal.TestMethodWorker.run(TestMethodWorker.java:128)
at java.base/java.util.ArrayList.forEach(ArrayList.java:1511)
at org.testng.TestRunner.privateRun(TestRunner.java:794)
at org.testng.TestRunner.run(TestRunner.java:596)
at org.testng.SuiteRunner.runTest(SuiteRunner.java:377)
at org.testng.SuiteRunner.runSequentially(SuiteRunner.java:371)
at org.testng.SuiteRunner.privateRun(SuiteRunner.java:332)
at org.testng.SuiteRunner.run(SuiteRunner.java:276)
at org.testng.SuiteRunnerWorker.runSuite(SuiteRunnerWorker.java:53)
at org.testng.SuiteRunnerWorker.run(SuiteRunnerWorker.java:96)
at org.testng.TestNG.runSuitesSequentially(TestNG.java:1212)
at org.testng.TestNG.runSuitesLocally(TestNG.java:1134)
at org.testng.TestNG.runSuites(TestNG.java:1063)
at org.testng.TestNG.run(TestNG.java:1031)
at org.testng.remote.AbstractRemoteTestNG.run(AbstractRemoteTestNG.java:115)
at org.testng.remote.RemoteTestNG.initAndRun(RemoteTestNG.java:251)
at org.testng.remote.RemoteTestNG.main(RemoteTestNG.java:77)
]]>
            </full-stacktrace>
          </exception> <!-- java.lang.AssertionError -->
          <reporter-output>
          </reporter-output>
        </test-method> <!-- NavigationPage_01_navigateToUrl -->
        <test-method signature="NavigationPage_02_StatusCodeCheck()[pri:0, instance:TestCases.NavigationTest@5119fb47]" started-at="2022-09-25T03:56:17 PKT" name="NavigationPage_02_StatusCodeCheck" finished-at="2022-09-25T03:56:19 PKT" duration-ms="1678" status="PASS">
          <reporter-output>
          </reporter-output>
        </test-method> <!-- NavigationPage_02_StatusCodeCheck -->
        <test-method is-config="true" signature="AfterSuit()[pri:0, instance:TestCases.NavigationTest@5119fb47]" started-at="2022-09-25T03:56:23 PKT" name="AfterSuit" finished-at="2022-09-25T03:56:23 PKT" duration-ms="112" status="PASS">
          <reporter-output>
          </reporter-output>
        </test-method> <!-- AfterSuit -->
      </class> <!-- TestCases.NavigationTest -->
    </test> <!-- Test -->
  </suite> <!-- Suite -->
</testng-results>
