<?xml version="1.0" encoding="UTF-8"?>
<!-- Generated by org.testng.reporters.JUnitReportReporter -->
<testsuite hostname="LAPTOP-BIP7EH0F" failures="0" tests="2" name="TestCases.NavigationTest" time="0.050" errors="1" timestamp="24 Sep 2022 20:35:35 GMT" skipped="1">
  <testcase classname="TestCases.NavigationTest" name="navigateToAUrl" time="0.000">
    <skipped/>
  </testcase> <!-- navigateToAUrl -->
  <testcase classname="TestCases.NavigationTest" name="beforeMethod" time="0.050">
    <error message="The driver executable does not exist: C:\Users\all\Documents\AsianCloud\AsianCloud\user.dir\chromedriver.exe" type="java.lang.IllegalStateException">
      <![CDATA[java.lang.IllegalStateException: The driver executable does not exist: C:\Users\all\Documents\AsianCloud\AsianCloud\user.dir\chromedriver.exeat com.google.common.base.Preconditions.checkState(Preconditions.java:585)at org.openqa.selenium.remote.service.DriverService.checkExecutable(DriverService.java:137)at org.openqa.selenium.remote.service.DriverService.findExecutable(DriverService.java:132)at org.openqa.selenium.chrome.ChromeDriverService.access$000(ChromeDriverService.java:35)at org.openqa.selenium.chrome.ChromeDriverService$Builder.findDefaultExecutable(ChromeDriverService.java:156)at org.openqa.selenium.remote.service.DriverService$Builder.build(DriverService.java:346)at org.openqa.selenium.chrome.ChromeDriverService.createDefaultService(ChromeDriverService.java:91)at org.openqa.selenium.chrome.ChromeDriver.<init>(ChromeDriver.java:123)at TestCases.NavigationTest.beforeMethod(NavigationTest.java:22)at java.base/jdk.internal.reflect.DirectMethodHandleAccessor.invoke(DirectMethodHandleAccessor.java:104)at java.base/java.lang.reflect.Method.invoke(Method.java:577)at org.testng.internal.MethodInvocationHelper.invokeMethod(MethodInvocationHelper.java:124)at org.testng.internal.MethodInvocationHelper.invokeMethodConsideringTimeout(MethodInvocationHelper.java:59)at org.testng.internal.Invoker.invokeConfigurationMethod(Invoker.java:451)at org.testng.internal.Invoker.invokeConfigurations(Invoker.java:222)at org.testng.internal.Invoker.invokeMethod(Invoker.java:516)at org.testng.internal.Invoker.invokeTestMethod(Invoker.java:707)at org.testng.internal.Invoker.invokeTestMethods(Invoker.java:979)at org.testng.internal.TestMethodWorker.invokeTestMethods(TestMethodWorker.java:125)at org.testng.internal.TestMethodWorker.run(TestMethodWorker.java:109)at org.testng.TestRunner.privateRun(TestRunner.java:648)at org.testng.TestRunner.run(TestRunner.java:505)at org.testng.SuiteRunner.runTest(SuiteRunner.java:455)at org.testng.SuiteRunner.runSequentially(SuiteRunner.java:450)at org.testng.SuiteRunner.privateRun(SuiteRunner.java:415)at org.testng.SuiteRunner.run(SuiteRunner.java:364)at org.testng.SuiteRunnerWorker.runSuite(SuiteRunnerWorker.java:52)at org.testng.SuiteRunnerWorker.run(SuiteRunnerWorker.java:84)at org.testng.TestNG.runSuitesSequentially(TestNG.java:1187)at org.testng.TestNG.runSuitesLocally(TestNG.java:1116)at org.testng.TestNG.runSuites(TestNG.java:1028)at org.testng.TestNG.run(TestNG.java:996)at org.apache.maven.surefire.testng.TestNGExecutor.run(TestNGExecutor.java:77)at org.apache.maven.surefire.testng.TestNGDirectoryTestSuite.execute(TestNGDirectoryTestSuite.java:110)at org.apache.maven.surefire.testng.TestNGProvider.invoke(TestNGProvider.java:106)at java.base/jdk.internal.reflect.DirectMethodHandleAccessor.invoke(DirectMethodHandleAccessor.java:104)at java.base/java.lang.reflect.Method.invoke(Method.java:577)at org.apache.maven.surefire.util.ReflectionUtils.invokeMethodWithArray(ReflectionUtils.java:189)at org.apache.maven.surefire.booter.ProviderFactory$ProviderProxy.invoke(ProviderFactory.java:165)at org.apache.maven.surefire.booter.ProviderFactory.invokeProvider(ProviderFactory.java:85)at org.apache.maven.surefire.booter.ForkedBooter.runSuitesInProcess(ForkedBooter.java:115)at org.apache.maven.surefire.booter.ForkedBooter.main(ForkedBooter.java:75)]]>
    </error>
  </testcase> <!-- beforeMethod -->
</testsuite> <!-- TestCases.NavigationTest -->
